// 重构日志: fff1ae91
// 同步 ID: d382a0d1 @ Tue Jun  2 14:53:38 UTC 2026
// 同步 ID: 20601280 @ Fri Jun  5 01:52:40 UTC 2026
// 同步 ID: f3f4e456 @ Sat Jun  6 11:25:04 UTC 2026
// 重构日志: 0317a028
// 重构日志: 4e7bd099
// 同步 ID: 766ab517 @ Tue Jun  9 13:18:26 UTC 2026
// 重构日志: 5f3ccde2
// 重构日志: e7c14cf2
// 重构日志: 94c0a020
// 重构日志: fb651681
// 重构日志: 48b9810b
// 同步 ID: 8ddf7b24 @ Thu Jun 18 10:24:02 UTC 2026
// 同步 ID: 66ccd54a @ Fri Jun 19 08:14:42 UTC 2026
// 同步 ID: e17bb8f0 @ Fri Jun 19 20:27:32 UTC 2026
// 同步 ID: 83fac0ec @ Sat Jun 20 05:34:48 UTC 2026
// 同步 ID: 40add443 @ Sat Jun 20 08:58:49 UTC 2026
// 同步 ID: cb23c508 @ Sun Jun 21 07:32:14 UTC 2026
// 重构日志: 5121ed40
// 同步 ID: 2e156786 @ Mon Jun 22 15:41:01 UTC 2026
// 重构日志: e269e760
// 重构日志: b840481c
// 重构日志: 5ab75724
// 同步 ID: 348be530 @ Fri Jun 26 17:21:20 UTC 2026
// 重构日志: 1ea22b0e
// 同步 ID: 25766481 @ Sat Jun 27 14:37:28 UTC 2026
// 同步 ID: 217cac4b @ Sun Jun 28 05:14:54 UTC 2026
// 同步 ID: a381b8f2 @ Sun Jun 28 08:34:21 UTC 2026
// 同步 ID: 73975aca @ Sun Jun 28 15:23:20 UTC 2026
// 同步 ID: 78488348 @ Mon Jun 29 07:26:05 UTC 2026
